[2025-02-11T18:31:48.761496+00:00] Database.ERROR: Database connection failed {"message":"SQLSTATE[HY000] [2002] php_network_getaddresses: getaddrinfo for mariadb1 failed: Name or service not known"} []
[2025-02-11T18:32:52.709641+00:00] Database.INFO: Connected to database {"dsn":"mysql:host=mariadb;dbname=todo;charset=utf8mb4"} []
[2025-02-11T18:54:22.547394+00:00] Database.INFO: Connected to database {"dsn":"mysql:host=mariadb;dbname=todo;charset=utf8mb4"} []
[2025-02-11T19:05:12.143711+00:00] Database.INFO: Connected to database {"dsn":"mysql:host=mariadb;dbname=todo;charset=utf8mb4"} []
[2025-02-12T13:21:29.206545+00:00] Database.INFO: Connected to database {"dsn":"mysql:host=mariadb;dbname=todo;charset=utf8mb4"} []
[2025-02-15T09:37:41.810441+00:00] Database.ERROR: Database connection failed {"message":"SQLSTATE[HY000] [2002] php_network_getaddresses: getaddrinfo for mariadb failed: Name or service not known"} []
[2025-02-21T17:31:11.918907+00:00] Database.INFO: Connected to database {"dsn":"mysql:host=mariadb;dbname=todo;charset=utf8mb4"} []
[2025-02-21T17:31:27.168340+00:00] Database.INFO: Connected to database {"dsn":"mysql:host=mariadb;dbname=todo;charset=utf8mb4"} []
[2025-02-21T17:31:28.394061+00:00] Database.INFO: Connected to database {"dsn":"mysql:host=mariadb;dbname=todo;charset=utf8mb4"} []
[2025-02-21T17:31:29.484219+00:00] Database.INFO: Connected to database {"dsn":"mysql:host=mariadb;dbname=todo;charset=utf8mb4"} []
[2025-03-10T01:46:38.082609+00:00] Database.ERROR: Database connection failed {"message":"SQLSTATE[HY000] [2002] php_network_getaddresses: getaddrinfo for mariadb failed: Name or service not known"} []
[2025-03-10T01:48:27.632710+00:00] Database.INFO: Connected to database {"dsn":"mysql:host=db;dbname=todo;charset=utf8mb4"} []
[2025-03-10T01:48:33.761749+00:00] Database.INFO: Connected to database {"dsn":"mysql:host=db;dbname=todo;charset=utf8mb4"} []
[2025-03-10T01:48:35.325035+00:00] Database.INFO: Connected to database {"dsn":"mysql:host=db;dbname=todo;charset=utf8mb4"} []
[2025-03-10T01:54:31.999808+00:00] Database.INFO: Connected to database {"dsn":"mysql:host=db;dbname=todo;charset=utf8mb4"} []
[2025-03-10T01:54:35.376939+00:00] Database.INFO: Connected to database {"dsn":"mysql:host=db;dbname=todo;charset=utf8mb4"} []
[2025-03-10T01:54:43.098280+00:00] Database.INFO: Connected to database {"dsn":"mysql:host=db;dbname=todo;charset=utf8mb4"} []
[2025-03-10T11:48:59.340966+00:00] Database.INFO: Connected to database {"dsn":"mysql:host=db;dbname=todo;charset=utf8mb4"} []
[2025-03-18T14:06:42.914489+00:00] Database.ERROR: Database connection failed {"message":"SQLSTATE[HY000] [2002] php_network_getaddresses: getaddrinfo for mariadb failed: Name or service not known"} []
[2025-03-18T17:03:31.076850+00:00] Database.ERROR: Database connection failed {"message":"SQLSTATE[HY000] [2002] php_network_getaddresses: getaddrinfo for mariadb failed: Name or service not known"} []
[2025-03-18T17:06:40.792582+00:00] Database.ERROR: Database connection failed {"message":"SQLSTATE[HY000] [2002] php_network_getaddresses: getaddrinfo for mariadb failed: Name or service not known"} []
[2025-03-18T17:11:47.134753+00:00] Database.ERROR: Database connection failed {"message":"SQLSTATE[HY000] [2002] php_network_getaddresses: getaddrinfo for mariadb failed: Name or service not known"} []
[2025-03-18T17:22:16.415666+00:00] Database.INFO: Connected to database {"dsn":"mysql:host=db;dbname=todo;charset=utf8mb4"} []
[2025-03-18T17:23:18.690326+00:00] Database.ERROR: Database connection failed {"message":"SQLSTATE[HY000] [2002] php_network_getaddresses: getaddrinfo for d failed: Name or service not known"} []
[2025-03-18T17:23:52.759333+00:00] Database.ERROR: Database connection failed {"message":"SQLSTATE[HY000] [2002] php_network_getaddresses: getaddrinfo for mariadb failed: Name or service not known"} []
[2025-03-18T17:24:26.400312+00:00] Database.INFO: Connected to database {"dsn":"mysql:host=db;dbname=todo;charset=utf8mb4"} []
[2025-03-18T17:24:53.509357+00:00] Database.INFO: Connected to database {"dsn":"mysql:host=db;dbname=todo;charset=utf8mb4"} []
[2025-03-18T17:24:54.727026+00:00] Database.INFO: Connected to database {"dsn":"mysql:host=db;dbname=todo;charset=utf8mb4"} []
